TN:
SF:lib_shouse/src/home/home.rs
FN:301,lib_shouse::home::home::smart_house::testing_house::add_device_to_n_exists_room
FN:319,lib_shouse::home::home::smart_house::testing_house::test_whether_dev_in_room
FN:231,<lib_shouse::home::home::smart_house::GenericDevice>::new
FN:347,lib_shouse::home::home::smart_house::testing_house::test_test_dev_append_dev_exists
FN:417,lib_shouse::home::home::smart_house::testing_house::test_dev_states::{closure#0}
FN:345,lib_shouse::home::home::smart_house::testing_house::test_test_dev_append_dev_exists::{closure#0}
FN:334,lib_shouse::home::home::smart_house::testing_house::test_whether_dev_dev_n_exists
FN:285,lib_shouse::home::home::smart_house::testing_house::existing_append
FN:249,<lib_shouse::home::home::smart_house::GenericDevice as lib_shouse::home::home::smart_house::Device>::get_dev_state
FN:41,<lib_shouse::home::home::smart_house::Shouse>::create_new_home
FN:238,<lib_shouse::home::home::smart_house::GenericDevice>::change_internals
FN:212,<lib_shouse::home::home::smart_house::Room>::new_room
FN:94,<lib_shouse::home::home::smart_house::Shouse>::test_whether_dev_in_room_exists
FN:252,<lib_shouse::home::home::smart_house::GenericDevice as lib_shouse::home::home::smart_house::Device>::change_device_properties
FN:246,<lib_shouse::home::home::smart_house::GenericDevice as lib_shouse::home::home::smart_house::Device>::get_dev_name
FN:54,<lib_shouse::home::home::smart_house::Shouse>::test_whether_room_exits::{closure#0}
FN:73,<lib_shouse::home::home::smart_house::Shouse>::append_room
FN:308,lib_shouse::home::home::smart_house::testing_house::add_multiple_device::{closure#0}
FN:389,lib_shouse::home::home::smart_house::testing_house::test_report::{closure#0}
FN:53,<lib_shouse::home::home::smart_house::Shouse>::test_whether_room_exits
FN:28,lib_shouse::home::home::smart_house::run_me
FN:140,<lib_shouse::home::home::smart_house::Shouse>::create_report
FN:390,lib_shouse::home::home::smart_house::testing_house::test_report
FN:375,lib_shouse::home::home::smart_house::testing_house::test_multi_append::{closure#0}
FN:8,<lib_shouse::home::home::smart_house::ErrorC as core::clone::Clone>::clone
FN:269,<lib_shouse::home::home::smart_house::Room as lib_shouse::home::home::smart_house::Roomz>::get_name
FN:8,<lib_shouse::home::home::smart_house::ErrorC as core::fmt::Display>::fmt
FN:8,<lib_shouse::home::home::smart_house::ErrorC as core::fmt::Debug>::fmt
FN:291,lib_shouse::home::home::smart_house::testing_house::room_testing_exists_ok::{closure#0}
FN:418,lib_shouse::home::home::smart_house::testing_house::test_dev_states
FN:309,lib_shouse::home::home::smart_house::testing_house::add_multiple_device
FN:356,lib_shouse::home::home::smart_house::testing_house::test_test_dev_append_dev
FN:283,lib_shouse::home::home::smart_house::testing_house::existing_append::{closure#0}
FN:299,lib_shouse::home::home::smart_house::testing_house::add_device_to_n_exists_room::{closure#0}
FN:318,lib_shouse::home::home::smart_house::testing_house::test_whether_dev_in_room::{closure#0}
FN:57,<lib_shouse::home::home::smart_house::Shouse>::test_whether_room_exits::{closure#1}
FN:407,lib_shouse::home::home::smart_house::testing_house::test_err_report::{closure#0}
FN:183,<lib_shouse::home::home::smart_house::Shouse>::append_dev_to_a_room
FN:292,lib_shouse::home::home::smart_house::testing_house::room_testing_exists_ok
FN:273,<lib_shouse::home::home::smart_house::Room as lib_shouse::home::home::smart_house::Roomz>::get_devices_ref
FN:408,lib_shouse::home::home::smart_house::testing_house::test_err_report
FN:355,lib_shouse::home::home::smart_house::testing_house::test_test_dev_append_dev::{closure#0}
FN:376,lib_shouse::home::home::smart_house::testing_house::test_multi_append
FN:333,lib_shouse::home::home::smart_house::testing_house::test_whether_dev_dev_n_exists::{closure#0}
FN:116,<lib_shouse::home::home::smart_house::Shouse>::print_dev_in_rooms
FNDA:1,lib_shouse::home::home::smart_house::testing_house::add_device_to_n_exists_room
FNDA:1,lib_shouse::home::home::smart_house::testing_house::test_whether_dev_in_room
FNDA:1,<lib_shouse::home::home::smart_house::GenericDevice>::new
FNDA:1,lib_shouse::home::home::smart_house::testing_house::test_test_dev_append_dev_exists
FNDA:1,lib_shouse::home::home::smart_house::testing_house::test_dev_states::{closure#0}
FNDA:1,lib_shouse::home::home::smart_house::testing_house::test_test_dev_append_dev_exists::{closure#0}
FNDA:1,lib_shouse::home::home::smart_house::testing_house::test_whether_dev_dev_n_exists
FNDA:1,lib_shouse::home::home::smart_house::testing_house::existing_append
FNDA:0,<lib_shouse::home::home::smart_house::GenericDevice as lib_shouse::home::home::smart_house::Device>::get_dev_state
FNDA:1,<lib_shouse::home::home::smart_house::Shouse>::create_new_home
FNDA:0,<lib_shouse::home::home::smart_house::GenericDevice>::change_internals
FNDA:1,<lib_shouse::home::home::smart_house::Room>::new_room
FNDA:1,<lib_shouse::home::home::smart_house::Shouse>::test_whether_dev_in_room_exists
FNDA:0,<lib_shouse::home::home::smart_house::GenericDevice as lib_shouse::home::home::smart_house::Device>::change_device_properties
FNDA:1,<lib_shouse::home::home::smart_house::GenericDevice as lib_shouse::home::home::smart_house::Device>::get_dev_name
FNDA:1,<lib_shouse::home::home::smart_house::Shouse>::test_whether_room_exits::{closure#0}
FNDA:1,<lib_shouse::home::home::smart_house::Shouse>::append_room
FNDA:1,lib_shouse::home::home::smart_house::testing_house::add_multiple_device::{closure#0}
FNDA:1,lib_shouse::home::home::smart_house::testing_house::test_report::{closure#0}
FNDA:1,<lib_shouse::home::home::smart_house::Shouse>::test_whether_room_exits
FNDA:0,lib_shouse::home::home::smart_house::run_me
FNDA:1,<lib_shouse::home::home::smart_house::Shouse>::create_report
FNDA:1,lib_shouse::home::home::smart_house::testing_house::test_report
FNDA:1,lib_shouse::home::home::smart_house::testing_house::test_multi_append::{closure#0}
FNDA:0,<lib_shouse::home::home::smart_house::ErrorC as core::clone::Clone>::clone
FNDA:1,<lib_shouse::home::home::smart_house::Room as lib_shouse::home::home::smart_house::Roomz>::get_name
FNDA:0,<lib_shouse::home::home::smart_house::ErrorC as core::fmt::Display>::fmt
FNDA:0,<lib_shouse::home::home::smart_house::ErrorC as core::fmt::Debug>::fmt
FNDA:1,lib_shouse::home::home::smart_house::testing_house::room_testing_exists_ok::{closure#0}
FNDA:1,lib_shouse::home::home::smart_house::testing_house::test_dev_states
FNDA:1,lib_shouse::home::home::smart_house::testing_house::add_multiple_device
FNDA:1,lib_shouse::home::home::smart_house::testing_house::test_test_dev_append_dev
FNDA:1,lib_shouse::home::home::smart_house::testing_house::existing_append::{closure#0}
FNDA:1,lib_shouse::home::home::smart_house::testing_house::add_device_to_n_exists_room::{closure#0}
FNDA:1,lib_shouse::home::home::smart_house::testing_house::test_whether_dev_in_room::{closure#0}
FNDA:1,<lib_shouse::home::home::smart_house::Shouse>::test_whether_room_exits::{closure#1}
FNDA:1,lib_shouse::home::home::smart_house::testing_house::test_err_report::{closure#0}
FNDA:1,<lib_shouse::home::home::smart_house::Shouse>::append_dev_to_a_room
FNDA:1,lib_shouse::home::home::smart_house::testing_house::room_testing_exists_ok
FNDA:1,<lib_shouse::home::home::smart_house::Room as lib_shouse::home::home::smart_house::Roomz>::get_devices_ref
FNDA:1,lib_shouse::home::home::smart_house::testing_house::test_err_report
FNDA:1,lib_shouse::home::home::smart_house::testing_house::test_test_dev_append_dev::{closure#0}
FNDA:1,lib_shouse::home::home::smart_house::testing_house::test_multi_append
FNDA:1,lib_shouse::home::home::smart_house::testing_house::test_whether_dev_dev_n_exists::{closure#0}
FNDA:0,<lib_shouse::home::home::smart_house::Shouse>::print_dev_in_rooms
FNF:45
FNH:37
BRF:0
BRH:0
DA:8,0
DA:28,0
DA:29,0
DA:30,0
DA:41,24
DA:42,24
DA:43,24
DA:44,24
DA:45,24
DA:53,134
DA:54,134
DA:55,105
DA:56,105
DA:57,130
DA:59,29
DA:61,134
DA:73,28
DA:74,28
DA:75,26
DA:76,26
DA:78,2
DA:80,28
DA:94,56
DA:96,56
DA:97,56
DA:98,56
DA:99,56
DA:100,56
DA:101,56
DA:102,56
DA:103,56
DA:105,48
DA:106,48
DA:107,14
DA:108,34
DA:110,42
DA:112,0
DA:114,56
DA:116,0
DA:117,0
DA:118,0
DA:119,0
DA:120,0
DA:140,8
DA:141,8
DA:142,8
DA:143,8
DA:144,8
DA:145,8
DA:146,0
DA:148,8
DA:149,8
DA:150,8
DA:152,6
DA:153,6
DA:154,6
DA:155,6
DA:156,6
DA:157,6
DA:158,6
DA:159,6
DA:160,6
DA:161,6
DA:162,6
DA:164,2
DA:167,8
DA:183,40
DA:185,38
DA:186,38
DA:187,38
DA:190,2
DA:193,36
DA:194,36
DA:195,36
DA:196,36
DA:197,36
DA:198,36
DA:199,36
DA:202,2
DA:204,40
DA:212,30
DA:213,30
DA:214,30
DA:215,30
DA:216,30
DA:217,30
DA:231,40
DA:232,40
DA:233,40
DA:234,40
DA:235,40
DA:236,40
DA:237,40
DA:238,0
DA:239,0
DA:240,0
DA:241,0
DA:246,150
DA:247,150
DA:248,150
DA:249,0
DA:250,0
DA:251,0
DA:252,0
DA:253,0
DA:254,0
DA:269,538
DA:270,538
DA:271,538
DA:273,92
DA:274,92
DA:275,92
DA:283,2
DA:285,2
DA:286,2
DA:287,2
DA:288,2
DA:289,2
DA:290,0
DA:291,2
DA:292,2
DA:293,2
DA:294,2
DA:295,2
DA:296,2
DA:298,2
DA:299,2
DA:301,2
DA:302,2
DA:303,2
DA:304,2
DA:305,2
DA:306,2
DA:307,0
DA:308,2
DA:309,2
DA:310,2
DA:311,2
DA:312,2
DA:313,2
DA:314,2
DA:315,2
DA:316,2
DA:317,2
DA:318,2
DA:319,2
DA:320,2
DA:321,2
DA:322,2
DA:323,2
DA:324,2
DA:325,2
DA:326,2
DA:327,2
DA:328,2
DA:329,2
DA:330,2
DA:331,2
DA:332,2
DA:333,2
DA:334,2
DA:335,2
DA:336,2
DA:337,2
DA:338,2
DA:339,2
DA:340,2
DA:341,2
DA:342,2
DA:343,2
DA:344,2
DA:345,2
DA:347,2
DA:348,2
DA:349,2
DA:350,2
DA:351,2
DA:352,2
DA:353,2
DA:354,0
DA:355,2
DA:356,2
DA:357,2
DA:358,2
DA:359,2
DA:360,2
DA:361,2
DA:362,2
DA:363,2
DA:364,2
DA:365,2
DA:366,2
DA:367,2
DA:368,2
DA:369,2
DA:370,2
DA:371,2
DA:372,2
DA:373,2
DA:374,2
DA:375,2
DA:376,2
DA:377,2
DA:378,2
DA:379,2
DA:380,2
DA:381,2
DA:382,2
DA:383,2
DA:384,2
DA:385,2
DA:386,2
DA:387,2
DA:388,2
DA:389,2
DA:390,2
DA:391,2
DA:392,2
DA:393,2
DA:394,2
DA:395,2
DA:396,2
DA:397,2
DA:398,2
DA:399,2
DA:400,2
DA:401,2
DA:402,2
DA:403,2
DA:404,2
DA:405,2
DA:407,2
DA:408,2
DA:409,2
DA:410,2
DA:411,2
DA:412,2
DA:413,2
DA:414,2
DA:415,2
DA:416,2
DA:417,2
DA:418,2
DA:419,2
DA:420,2
DA:421,2
DA:422,2
DA:423,2
DA:424,2
DA:425,2
DA:426,2
DA:427,2
DA:428,2
DA:429,2
DA:430,2
DA:431,2
DA:432,2
DA:433,2
DA:435,2
DA:436,2
LF:260
LH:236
end_of_record
SF:shouse_b/src/main.rs
FN:1,shouse_b::main
FN:1,shouse_b::main
FNDA:0,shouse_b::main
FNDA:1,shouse_b::main
FNF:2
FNH:1
BRF:0
BRH:0
DA:1,2
DA:2,0
DA:3,0
DA:4,0
LF:4
LH:1
end_of_record
SF:lib_shouse/src/lib.rs
FN:1,lib_shouse::main
FN:4,lib_shouse::add
FNDA:1,lib_shouse::main
FNDA:0,lib_shouse::add
FNF:2
FNH:1
BRF:0
BRH:0
DA:1,2
DA:4,0
DA:5,0
DA:6,0
LF:4
LH:1
end_of_record
